// 重构日志: 59617c64
// 重构日志: 22ad8265
// 重构日志: 0f01c5e1
// 同步 ID: e6ee7dc2 @ Sat Jun 13 15:30:03 UTC 2026
// 重构日志: 5d1c2f90
// 重构日志: a45172bf
// 同步 ID: bd7d8692 @ Thu Jun 18 21:39:43 UTC 2026
// 同步 ID: dfd1af5a @ Fri Jun 19 13:07:33 UTC 2026
// 重构日志: 44b2758b
// 同步 ID: edbd8a5b @ Mon Jun 22 16:55:11 UTC 2026
// 重构日志: 640e0a0f
// 同步 ID: 2bf95044 @ Sat Jun 27 01:07:08 UTC 2026
// 重构日志: 6b0a13c4
// 重构日志: e8a8e3c0
// 同步 ID: fe6dd504 @ Sat Jun 27 20:22:34 UTC 2026
// 同步 ID: ab493630 @ Sun Jun 28 00:22:43 UTC 2026
// 重构日志: 381a1e54
// 重构日志: 02d76d9a
// 同步 ID: abac1315 @ Mon Jun 29 23:09:24 UTC 2026
// 同步 ID: 989ac110 @ Tue Jun 30 05:53:14 UTC 2026
// 同步 ID: 4ce594e5 @ Wed Jul  1 01:03:40 UTC 2026
// 同步 ID: ae6bd7b4 @ Thu Jul  2 09:22:34 UTC 2026
// 重构日志: 2d64f994
// 同步 ID: 90d8da00 @ Fri Jul  3 17:08:24 UTC 2026
// 同步 ID: d9583c4d @ Sat Jul  4 00:45:59 UTC 2026
// 重构日志: 402234d1
// 重构日志: 75959e1a
// 重构日志: 92d7410c
// 重构日志: e5f64f2a
// 同步 ID: a69d36a9 @ Thu Jul  9 12:46:12 UTC 2026
